<?xml version="1.0" encoding="UTF-8"?>
<!-- Generated by org.testng.reporters.JUnitXMLReporter -->
<testsuite hostname="DESKTOP-30S7U1C" ignored="0" name="Test2" tests="3" failures="1" timestamp="2020-04-26T15:20:33 IST" time="35.179" errors="0">
  <testcase name="calItems" time="0.578" classname="com.amazon.qa.testcases.HomePageTest">
    <failure type="org.openqa.selenium.InvalidSelectorException" message="invalid selector: Unable to locate an element with the xpath expression [[ChromeDriver: chrome on WINDOWS (a9c1d1d1b91b981baecfcde4ebc5fcb9)] -&amp;gt; xpath: //a[@title=&amp;apos;Calendar&amp;apos;]/parent::li/ul]/li[1]/a because of the following error:
SyntaxError: Failed to execute &amp;apos;evaluate&amp;apos; on &amp;apos;Document&amp;apos;: The string &amp;apos;[[ChromeDriver: chrome on WINDOWS (a9c1d1d1b91b981baecfcde4ebc5fcb9)] -&amp;gt; xpath: //a[@title=&amp;apos;Calendar&amp;apos;]/parent::li/ul]/li[1]/a&amp;apos; is not a valid XPath expression.
  (Session info: chrome=81.0.4044.122)
For documentation on this error, please visit: https://www.seleniumhq.org/exceptions/invalid_selector_exception.html
Build info: version: &amp;apos;3.141.59&amp;apos;, revision: &amp;apos;e82be7d358&amp;apos;, time: &amp;apos;2018-11-14T08:17:03&amp;apos;
System info: host: &amp;apos;DESKTOP-30S7U1C&amp;apos;, ip: &amp;apos;192.168.0.7&amp;apos;, os.name: &amp;apos;Windows 10&amp;apos;, os.arch: &amp;apos;x86&amp;apos;, os.version: &amp;apos;10.0&amp;apos;, java.version: &amp;apos;1.8.0_231&amp;apos;
Driver info: org.openqa.selenium.chrome.ChromeDriver
Capabilities {acceptInsecureCerts: false, browserName: chrome, browserVersion: 81.0.4044.122, chrome: {chromedriverVersion: 80.0.3987.106 (f68069574609..., userDataDir: C:\Users\CHITTI\AppData\Loc...}, goog:chromeOptions: {debuggerAddress: localhost:62184}, javascriptEnabled: true, networkConnectionEnabled: false, pageLoadStrategy: normal, platform: WINDOWS, platformName: WINDOWS, proxy: Proxy(), setWindowRect: true, strictFileInteractability: false, timeouts: {implicit: 0, pageLoad: 300000, script: 30000}, unhandledPromptBehavior: dismiss and notify}
Session ID: a9c1d1d1b91b981baecfcde4ebc5fcb9
*** Element info: {Using=xpath, value=[[ChromeDriver: chrome on WINDOWS (a9c1d1d1b91b981baecfcde4ebc5fcb9)] -&amp;gt; xpath: //a[@title=&amp;apos;Calendar&amp;apos;]/parent::li/ul]/li[1]/a}">
      <![CDATA[org.openqa.selenium.InvalidSelectorException: invalid selector: Unable to locate an element with the xpath expression [[ChromeDriver: chrome on WINDOWS (a9c1d1d1b91b981baecfcde4ebc5fcb9)] -> xpath: //a[@title='Calendar']/parent::li/ul]/li[1]/a because of the following error:
SyntaxError: Failed to execute 'evaluate' on 'Document': The string '[[ChromeDriver: chrome on WINDOWS (a9c1d1d1b91b981baecfcde4ebc5fcb9)] -> xpath: //a[@title='Calendar']/parent::li/ul]/li[1]/a' is not a valid XPath expression.
  (Session info: chrome=81.0.4044.122)
For documentation on this error, please visit: https://www.seleniumhq.org/exceptions/invalid_selector_exception.html
Build info: version: '3.141.59', revision: 'e82be7d358', time: '2018-11-14T08:17:03'
System info: host: 'DESKTOP-30S7U1C', ip: '192.168.0.7', os.name: 'Windows 10', os.arch: 'x86', os.version: '10.0', java.version: '1.8.0_231'
Driver info: org.openqa.selenium.chrome.ChromeDriver
Capabilities {acceptInsecureCerts: false, browserName: chrome, browserVersion: 81.0.4044.122, chrome: {chromedriverVersion: 80.0.3987.106 (f68069574609..., userDataDir: C:\Users\CHITTI\AppData\Loc...}, goog:chromeOptions: {debuggerAddress: localhost:62184}, javascriptEnabled: true, networkConnectionEnabled: false, pageLoadStrategy: normal, platform: WINDOWS, platformName: WINDOWS, proxy: Proxy(), setWindowRect: true, strictFileInteractability: false, timeouts: {implicit: 0, pageLoad: 300000, script: 30000}, unhandledPromptBehavior: dismiss and notify}
Session ID: a9c1d1d1b91b981baecfcde4ebc5fcb9
*** Element info: {Using=xpath, value=[[ChromeDriver: chrome on WINDOWS (a9c1d1d1b91b981baecfcde4ebc5fcb9)] -> xpath: //a[@title='Calendar']/parent::li/ul]/li[1]/a}
at org.openqa.selenium.remote.http.W3CHttpResponseCodec.createException(W3CHttpResponseCodec.java:187)
at org.openqa.selenium.remote.http.W3CHttpResponseCodec.decode(W3CHttpResponseCodec.java:122)
at org.openqa.selenium.remote.http.W3CHttpResponseCodec.decode(W3CHttpResponseCodec.java:49)
at org.openqa.selenium.remote.HttpCommandExecutor.execute(HttpCommandExecutor.java:158)
at org.openqa.selenium.remote.service.DriverCommandExecutor.execute(DriverCommandExecutor.java:83)
at org.openqa.selenium.remote.RemoteWebDriver.execute(RemoteWebDriver.java:552)
at org.openqa.selenium.remote.RemoteWebDriver.findElement(RemoteWebDriver.java:323)
at org.openqa.selenium.remote.RemoteWebDriver.findElementByXPath(RemoteWebDriver.java:428)
at org.openqa.selenium.By$ByXPath.findElement(By.java:353)
at org.openqa.selenium.remote.RemoteWebDriver.findElement(RemoteWebDriver.java:315)
at com.amazon.qa.pages.HomePage.getItems(HomePage.java:59)
at com.amazon.qa.testcases.HomePageTest.calItems(HomePageTest.java:47)
at java.util.ArrayList.forEach(Unknown Source)
... Removed 31 stack frames]]>
    </failure>
  </testcase> <!-- calItems -->
  <testcase name="calenderNewItem" time="2.072" classname="com.amazon.qa.testcases.HomePageTest"/>
  <testcase name="validLogin" time="0.553" classname="com.amazon.qa.testcases.userHomePageTest"/>
</testsuite> <!-- Test2 -->
